<?xml version="1.0" encoding="UTF-8"?>
<!-- Generated by org.testng.reporters.JUnitXMLReporter -->
<testsuite hostname="IITC-WS-DT06" ignored="0" name="Amazon Phone Search Page" tests="2" failures="0" timestamp="23 May 2020 12:33:18 GMT" time="2.088" errors="0">
  <testcase name="amazonPhoneSearch" time="2.054" classname="com.qa.testCases.AmazonSearchPageTest"/>
  <testcase name="amazonPrice" time="0.03" classname="com.qa.testCases.AmazonSearchPageTest"/>
</testsuite> <!-- Amazon Phone Search Page -->
