<?xml version="1.0" encoding="UTF-8"?>
<!-- Generated by org.testng.reporters.JUnitXMLReporter -->
<testsuite hostname="IITC-WS-DT06" ignored="0" name="Amazon Phone Search Page" tests="2" failures="0" timestamp="24 May 2020 09:46:57 GMT" time="2.074" errors="0">
  <testcase name="amazonPhoneSearch" time="2.04" classname="com.qa.testCases.AmazonSearchPageTest"/>
  <testcase name="getPrice" time="0.031" classname="com.qa.testCases.AmazonSearchPageTest"/>
</testsuite> <!-- Amazon Phone Search Page -->
