<?xml version="1.0" encoding="UTF-8"?>
<!-- Generated by org.testng.reporters.JUnitXMLReporter -->
<testsuite hostname="IITC-WS-DT06" ignored="0" name="Flipkart Home" tests="3" failures="0" timestamp="24 May 2020 09:47:05 GMT" time="8.296" errors="0">
  <testcase name="setup" time="5.935" classname="com.qa.testCases.FlipkartHomePageTest"/>
  <testcase name="mobileSearchItemTest" time="0.273" classname="com.qa.testCases.FlipkartHomePageTest"/>
  <testcase name="searchClickTest" time="2.083" classname="com.qa.testCases.FlipkartHomePageTest"/>
</testsuite> <!-- Flipkart Home -->
