<?xml version="1.0" encoding="UTF-8"?>
<!-- Generated by org.testng.reporters.JUnitXMLReporter -->
<testsuite hostname="IITC-WS-DT06" ignored="0" name="Flipkart Phone Search Page" tests="3" failures="0" timestamp="24 May 2020 09:47:08 GMT" time="2.071" errors="0">
  <testcase name="phoneSearchTest" time="2.038" classname="com.qa.testCases.FlipkartSearchPageTest"/>
  <testcase name="getPrice" time="0.029" classname="com.qa.testCases.FlipkartSearchPageTest"/>
  <testcase name="comparePrice" time="0.001" classname="com.qa.testCases.FlipkartSearchPageTest"/>
</testsuite> <!-- Flipkart Phone Search Page -->
