<?xml version="1.0" encoding="UTF-8"?>
<!-- Generated by org.testng.reporters.JUnitXMLReporter -->
<testsuite hostname="IITC-WS-DT06" ignored="0" name="Flipkart Home" tests="3" failures="0" timestamp="23 May 2020 12:33:35 GMT" time="16.698" errors="0">
  <testcase name="setup" time="14.37" classname="com.qa.testCases.FlipkartHomePageTest"/>
  <testcase name="mobileSearchItemTest" time="0.244" classname="com.qa.testCases.FlipkartHomePageTest"/>
  <testcase name="searchClickTest" time="2.08" classname="com.qa.testCases.FlipkartHomePageTest"/>
</testsuite> <!-- Flipkart Home -->
