<?xml version="1.0" encoding="UTF-8"?>
<testng-results skipped="0" failed="0" ignored="0" total="9" passed="9">
  <reporter-output>
  </reporter-output>
  <suite name="Automation" duration-ms="14921" started-at="2020-05-24T09:46:53Z" finished-at="2020-05-24T09:47:08Z">
    <groups>
    </groups>
    <test name="Amazon Home" duration-ms="2451" started-at="2020-05-24T09:46:53Z" finished-at="2020-05-24T09:46:55Z">
      <class name="com.qa.testCases.AmazonHomePageTest">
        <test-method status="PASS" signature="mobileSearchItemTest()[pri:1, instance:com.qa.testCases.AmazonHomePageTest@29ee9faa]" name="mobileSearchItemTest" duration-ms="2437" started-at="2020-05-24T15:16:53Z" finished-at="2020-05-24T15:16:55Z">
          <reporter-output>
          </reporter-output>
        </test-method> <!-- mobileSearchItemTest -->
      </class> <!-- com.qa.testCases.AmazonHomePageTest -->
    </test> <!-- Amazon Home -->
    <test name="Amazon Phone Search Page" duration-ms="2074" started-at="2020-05-24T09:46:55Z" finished-at="2020-05-24T09:46:57Z">
      <class name="com.qa.testCases.AmazonSearchPageTest">
        <test-method status="PASS" signature="amazonPhoneSearch()[pri:1, instance:com.qa.testCases.AmazonSearchPageTest@59f99ea]" name="amazonPhoneSearch" duration-ms="2040" started-at="2020-05-24T15:16:55Z" finished-at="2020-05-24T15:16:57Z">
          <reporter-output>
          </reporter-output>
        </test-method> <!-- amazonPhoneSearch -->
        <test-method status="PASS" signature="getPrice()[pri:2, instance:com.qa.testCases.AmazonSearchPageTest@59f99ea]" name="getPrice" duration-ms="31" started-at="2020-05-24T15:16:57Z" finished-at="2020-05-24T15:16:57Z">
          <reporter-output>
          </reporter-output>
        </test-method> <!-- getPrice -->
      </class> <!-- com.qa.testCases.AmazonSearchPageTest -->
    </test> <!-- Amazon Phone Search Page -->
    <test name="Flipkart Home" duration-ms="8296" started-at="2020-05-24T09:46:57Z" finished-at="2020-05-24T09:47:05Z">
      <class name="com.qa.testCases.FlipkartHomePageTest">
        <test-method status="PASS" signature="setup()[pri:1, instance:com.qa.testCases.FlipkartHomePageTest@42d80b78]" name="setup" duration-ms="5935" started-at="2020-05-24T15:16:57Z" finished-at="2020-05-24T15:17:03Z">
          <reporter-output>
          </reporter-output>
        </test-method> <!-- setup -->
        <test-method status="PASS" signature="mobileSearchItemTest()[pri:2, instance:com.qa.testCases.FlipkartHomePageTest@42d80b78]" name="mobileSearchItemTest" duration-ms="273" started-at="2020-05-24T15:17:03Z" finished-at="2020-05-24T15:17:03Z">
          <reporter-output>
          </reporter-output>
        </test-method> <!-- mobileSearchItemTest -->
        <test-method status="PASS" signature="searchClickTest()[pri:3, instance:com.qa.testCases.FlipkartHomePageTest@42d80b78]" name="searchClickTest" duration-ms="2083" started-at="2020-05-24T15:17:03Z" finished-at="2020-05-24T15:17:05Z">
          <reporter-output>
          </reporter-output>
        </test-method> <!-- searchClickTest -->
      </class> <!-- com.qa.testCases.FlipkartHomePageTest -->
    </test> <!-- Flipkart Home -->
    <test name="Flipkart Phone Search Page" duration-ms="2071" started-at="2020-05-24T09:47:05Z" finished-at="2020-05-24T09:47:08Z">
      <class name="com.qa.testCases.AmazonHomePageTest">
        <test-method status="PASS" signature="setup()[pri:0, instance:com.qa.testCases.AmazonHomePageTest@29ee9faa]" name="setup" is-config="true" duration-ms="11292" started-at="2020-05-24T15:16:41Z" finished-at="2020-05-24T15:16:53Z">
          <reporter-output>
          </reporter-output>
        </test-method> <!-- setup -->
        <test-method status="PASS" signature="setup()[pri:0, instance:com.qa.testCases.AmazonSearchPageTest@59f99ea]" name="setup" is-config="true" duration-ms="1" started-at="2020-05-24T15:16:53Z" finished-at="2020-05-24T15:16:53Z">
          <reporter-output>
          </reporter-output>
        </test-method> <!-- setup -->
        <test-method status="PASS" signature="setup()[pri:0, instance:com.qa.testCases.FlipkartSearchPageTest@7cd62f43]" name="setup" is-config="true" duration-ms="1" started-at="2020-05-24T15:16:53Z" finished-at="2020-05-24T15:16:53Z">
          <reporter-output>
          </reporter-output>
        </test-method> <!-- setup -->
      </class> <!-- com.qa.testCases.AmazonHomePageTest -->
      <class name="com.qa.testCases.FlipkartSearchPageTest">
        <test-method status="PASS" signature="phoneSearchTest()[pri:1, instance:com.qa.testCases.FlipkartSearchPageTest@7cd62f43]" name="phoneSearchTest" duration-ms="2038" started-at="2020-05-24T15:17:05Z" finished-at="2020-05-24T15:17:08Z">
          <reporter-output>
          </reporter-output>
        </test-method> <!-- phoneSearchTest -->
        <test-method status="PASS" signature="getPrice()[pri:2, instance:com.qa.testCases.FlipkartSearchPageTest@7cd62f43]" name="getPrice" duration-ms="29" started-at="2020-05-24T15:17:08Z" finished-at="2020-05-24T15:17:08Z">
          <reporter-output>
          </reporter-output>
        </test-method> <!-- getPrice -->
        <test-method status="PASS" signature="comparePrice()[pri:3, instance:com.qa.testCases.FlipkartSearchPageTest@7cd62f43]" name="comparePrice" duration-ms="1" started-at="2020-05-24T15:17:08Z" finished-at="2020-05-24T15:17:08Z">
          <reporter-output>
          </reporter-output>
        </test-method> <!-- comparePrice -->
        <test-method status="PASS" signature="closeBrowser()[pri:0, instance:com.qa.testCases.FlipkartSearchPageTest@7cd62f43]" name="closeBrowser" is-config="true" duration-ms="760" started-at="2020-05-24T15:17:08Z" finished-at="2020-05-24T15:17:08Z">
          <reporter-output>
          </reporter-output>
        </test-method> <!-- closeBrowser -->
      </class> <!-- com.qa.testCases.FlipkartSearchPageTest -->
    </test> <!-- Flipkart Phone Search Page -->
  </suite> <!-- Automation -->
</testng-results>
